<?xml version="1.0" encoding="UTF-8"?>
<!-- Generated by org.testng.reporters.JUnitReportReporter -->
<testsuite hostname="DESKTOP-4KHV42C" failures="0" tests="1" name="testRun.cucumberRunnerTest" time="0.015" errors="0" timestamp="2024-07-14T16:28:12 IST" skipped="0">
  <testcase classname="testRun.cucumberRunnerTest" name="f" time="0.015"/>
</testsuite> <!-- testRun.cucumberRunnerTest -->
